Fri May 13 16:48:07 CST 2016  [debug] AvalonLogSystem initialized using logfile 'D:\ProjectMop1\Edata\src\main\webapp\WEB-INF\log\velocity.log'
Fri May 13 16:48:07 CST 2016   [info] ************************************************************** 
Fri May 13 16:48:07 CST 2016   [info] Starting Jakarta Velocity v1.4
Fri May 13 16:48:07 CST 2016   [info] RuntimeInstance initializing.
Fri May 13 16:48:07 CST 2016   [info] Default Properties File: org\apache\velocity\runtime\defaults\velocity.properties
Fri May 13 16:48:07 CST 2016   [info] Trying to use logger class org.apache.velocity.runtime.log.AvalonLogSystem
Fri May 13 16:48:07 CST 2016   [info] Using logger class org.apache.velocity.runtime.log.AvalonLogSystem
Fri May 13 16:48:07 CST 2016   [info] Default ResourceManager initializing. (class org.apache.velocity.runtime.resource.ResourceManagerImpl)
Fri May 13 16:48:07 CST 2016   [info] Resource Loader Instantiated: org.apache.velocity.runtime.resource.loader.FileResourceLoader
Fri May 13 16:48:07 CST 2016   [info] FileResourceLoader : initialization starting.
Fri May 13 16:48:07 CST 2016   [info] FileResourceLoader : adding path 'D:\ProjectMop1\Edata\src\main\webapp\WEB-INF\velocity'
Fri May 13 16:48:07 CST 2016   [info] FileResourceLoader : initialization complete.
Fri May 13 16:48:07 CST 2016   [info] ResourceCache : initialized. (class org.apache.velocity.runtime.resource.ResourceCacheImpl)
Fri May 13 16:48:07 CST 2016   [info] Default ResourceManager initialization complete.
Fri May 13 16:48:07 CST 2016   [info] Loaded System Directive: org.apache.velocity.runtime.directive.Literal
Fri May 13 16:48:07 CST 2016   [info] Loaded System Directive: org.apache.velocity.runtime.directive.Macro
Fri May 13 16:48:07 CST 2016   [info] Loaded System Directive: org.apache.velocity.runtime.directive.Parse
Fri May 13 16:48:07 CST 2016   [info] Loaded System Directive: org.apache.velocity.runtime.directive.Include
Fri May 13 16:48:07 CST 2016   [info] Loaded System Directive: org.apache.velocity.runtime.directive.Foreach
Fri May 13 16:48:07 CST 2016   [info] Created: 20 parsers.
Fri May 13 16:48:07 CST 2016   [info] Velocimacro : initialization starting.
Fri May 13 16:48:07 CST 2016   [info] Velocimacro : adding VMs from VM library template : VM_global_library.vm
Fri May 13 16:48:07 CST 2016  [error] ResourceManager : unable to find resource 'VM_global_library.vm' in any resource loader.
Fri May 13 16:48:07 CST 2016   [info] Velocimacro : error using  VM library template VM_global_library.vm : org.apache.velocity.exception.ResourceNotFoundException: Unable to find resource 'VM_global_library.vm'
Fri May 13 16:48:07 CST 2016   [info] Velocimacro :  VM library template macro registration complete.
Fri May 13 16:48:07 CST 2016   [info] Velocimacro : allowInline = true : VMs can be defined inline in templates
Fri May 13 16:48:07 CST 2016   [info] Velocimacro : allowInlineToOverride = false : VMs defined inline may NOT replace previous VM definitions
Fri May 13 16:48:07 CST 2016   [info] Velocimacro : allowInlineLocal = false : VMs defined inline will be  global in scope if allowed.
Fri May 13 16:48:07 CST 2016   [info] Velocimacro : messages on  : VM system will output logging messages
Fri May 13 16:48:07 CST 2016   [info] Velocimacro : autoload off  : VM system will not automatically reload global library macros
Fri May 13 16:48:07 CST 2016   [info] Velocimacro : initialization complete.
Fri May 13 16:48:07 CST 2016   [info] Velocity successfully started.
